This is XeTeX, Version 3.14159265-2.6-0.999992 (TeX Live 2020/W32TeX) (preloaded format=xelatex 2020.11.17)  19 AUG 2021 21:45
entering extended mode
 restricted \write18 enabled.
 %&-line parsing enabled.
**resume.tex
(./resume.tex
LaTeX2e <2020-10-01> patch level 2
L3 programming layer <2020-10-27> xparse <2020-03-03> (./awesome-cv.cls
Document Class: awesome-cv 2017/02/05 v1.6.1 Awesome Curriculum Vitae Class
(c:/Users/xconn/AppData/Roaming/TinyTeX/texmf-dist/tex/latex/base/article.cls
Document Class: article 2020/04/10 v1.4m Standard LaTeX document class
(c:/Users/xconn/AppData/Roaming/TinyTeX/texmf-dist/tex/latex/base/size10.clo
File: size10.clo 2020/04/10 v1.4m Standard LaTeX file (size option)
)
\c@part=\count171
\c@section=\count172
\c@subsection=\count173
\c@subsubsection=\count174
\c@paragraph=\count175
\c@subparagraph=\count176
\c@figure=\count177
\c@table=\count178
\abovecaptionskip=\skip47
\belowcaptionskip=\skip48
\bibindent=\dimen138
) (c:/Users/xconn/AppData/Roaming/TinyTeX/texmf-dist/tex/latex/tools/array.sty
Package: array 2020/10/01 v2.5c Tabular extension package (FMi)
\col@sep=\dimen139
\ar@mcellbox=\box47
\extrarowheight=\dimen140
\NC@list=\toks15
\extratabsurround=\skip49
\backup@length=\skip50
\ar@cellbox=\box48
)
(c:/Users/xconn/AppData/Roaming/TinyTeX/texmf-dist/tex/latex/enumitem/enumitem.
sty
Package: enumitem 2019/06/20 v3.9 Customized lists
\enitkv@toks@=\toks16
\labelindent=\skip51
\enit@outerparindent=\dimen141
\enit@toks=\toks17
\enit@inbox=\box49
\enit@count@id=\count179
\enitdp@description=\count180
)
(c:/Users/xconn/AppData/Roaming/TinyTeX/texmf-dist/tex/latex/ragged2e/ragged2e.
sty
Package: ragged2e 2019/07/28 v2.2 ragged2e Package (MS)
(c:/Users/xconn/AppData/Roaming/TinyTeX/texmf-dist/tex/latex/ms/everysel.sty
Package: everysel 2011/10/28 v1.2 EverySelectfont Package (MS)
)
\CenteringLeftskip=\skip52
\RaggedLeftLeftskip=\skip53
\RaggedRightLeftskip=\skip54
\CenteringRightskip=\skip55
\RaggedLeftRightskip=\skip56
\RaggedRightRightskip=\skip57
\CenteringParfillskip=\skip58
\RaggedLeftParfillskip=\skip59
\RaggedRightParfillskip=\skip60
\JustifyingParfillskip=\skip61
\CenteringParindent=\skip62
\RaggedLeftParindent=\skip63
\RaggedRightParindent=\skip64
\JustifyingParindent=\skip65
)
(c:/Users/xconn/AppData/Roaming/TinyTeX/texmf-dist/tex/latex/geometry/geometry.
sty
Package: geometry 2020/01/02 v5.9 Page Geometry

(c:/Users/xconn/AppData/Roaming/TinyTeX/texmf-dist/tex/latex/graphics/keyval.st
y
Package: keyval 2014/10/28 v1.15 key=value parser (DPC)
\KV@toks@=\toks18
)
(c:/Users/xconn/AppData/Roaming/TinyTeX/texmf-dist/tex/generic/iftex/ifvtex.sty
Package: ifvtex 2019/10/25 v1.7 ifvtex legacy package. Use iftex instead.
(c:/Users/xconn/AppData/Roaming/TinyTeX/texmf-dist/tex/generic/iftex/iftex.sty
Package: iftex 2020/03/06 v1.0d TeX engine tests
))
\Gm@cnth=\count181
\Gm@cntv=\count182
\c@Gm@tempcnt=\count183
\Gm@bindingoffset=\dimen142
\Gm@wd@mp=\dimen143
\Gm@odd@mp=\dimen144
\Gm@even@mp=\dimen145
\Gm@layoutwidth=\dimen146
\Gm@layoutheight=\dimen147
\Gm@layouthoffset=\dimen148
\Gm@layoutvoffset=\dimen149
\Gm@dimlist=\toks19
)
(c:/Users/xconn/AppData/Roaming/TinyTeX/texmf-dist/tex/latex/fancyhdr/fancyhdr.
sty
Package: fancyhdr 2019/01/31 v3.10 Extensive control of page headers and footer
s
\f@nch@headwidth=\skip66
\f@nch@O@elh=\skip67
\f@nch@O@erh=\skip68
\f@nch@O@olh=\skip69
\f@nch@O@orh=\skip70
\f@nch@O@elf=\skip71
\f@nch@O@erf=\skip72
\f@nch@O@olf=\skip73
\f@nch@O@orf=\skip74
) (c:/Users/xconn/AppData/Roaming/TinyTeX/texmf-dist/tex/latex/xcolor/xcolor.st
y
Package: xcolor 2016/05/11 v2.12 LaTeX color extensions (UK)

(c:/Users/xconn/AppData/Roaming/TinyTeX/texmf-dist/tex/latex/graphics-cfg/color
.cfg
File: color.cfg 2016/01/02 v1.6 sample color configuration
)
Package xcolor Info: Driver file: xetex.def on input line 225.

(c:/Users/xconn/AppData/Roaming/TinyTeX/texmf-dist/tex/latex/graphics-def/xetex
.def
File: xetex.def 2020/08/26 v5.0i Graphics/color driver for xetex
)
Package xcolor Info: Model `cmy' substituted by `cmy0' on input line 1348.
Package xcolor Info: Model `RGB' extended on input line 1364.
Package xcolor Info: Model `HTML' substituted by `rgb' on input line 1366.
Package xcolor Info: Model `Hsb' substituted by `hsb' on input line 1367.
Package xcolor Info: Model `tHsb' substituted by `hsb' on input line 1368.
Package xcolor Info: Model `HSB' substituted by `hsb' on input line 1369.
Package xcolor Info: Model `Gray' substituted by `gray' on input line 1370.
Package xcolor Info: Model `wave' substituted by `hsb' on input line 1371.
)
(c:/Users/xconn/AppData/Roaming/TinyTeX/texmf-dist/tex/generic/iftex/ifxetex.st
y
Package: ifxetex 2019/10/25 v0.7 ifxetex legacy package. Use iftex instead.
)
(c:/Users/xconn/AppData/Roaming/TinyTeX/texmf-dist/tex/latex/xifthen/xifthen.st
y
Package: xifthen 2015/11/05 v1.4.0 Extended ifthen features
(c:/Users/xconn/AppData/Roaming/TinyTeX/texmf-dist/tex/latex/tools/calc.sty
Package: calc 2017/05/25 v4.3 Infix arithmetic (KKT,FJ)
\calc@Acount=\count184
\calc@Bcount=\count185
\calc@Adimen=\dimen150
\calc@Bdimen=\dimen151
\calc@Askip=\skip75
\calc@Bskip=\skip76
LaTeX Info: Redefining \setlength on input line 80.
LaTeX Info: Redefining \addtolength on input line 81.
\calc@Ccount=\count186
\calc@Cskip=\skip77
) (c:/Users/xconn/AppData/Roaming/TinyTeX/texmf-dist/tex/latex/base/ifthen.sty
Package: ifthen 2014/09/29 v1.1c Standard LaTeX ifthen package (DPC)
)
(c:/Users/xconn/AppData/Roaming/TinyTeX/texmf-dist/tex/latex/ifmtarg/ifmtarg.st
y
Package: ifmtarg 2018/04/16 v1.2b check for an empty argument
))
(c:/Users/xconn/AppData/Roaming/TinyTeX/texmf-dist/tex/latex/etoolbox/etoolbox.
sty
Package: etoolbox 2020/10/05 v2.5k e-TeX tools for LaTeX (JAW)
\etb@tempcnta=\count187
)
(c:/Users/xconn/AppData/Roaming/TinyTeX/texmf-dist/tex/latex/setspace/setspace.
sty
Package: setspace 2011/12/19 v6.7a set line spacing
)
(c:/Users/xconn/AppData/Roaming/TinyTeX/texmf-dist/tex/latex/fontspec/fontspec.
sty
(c:/Users/xconn/AppData/Roaming/TinyTeX/texmf-dist/tex/latex/l3packages/xparse/
xparse.sty
(c:/Users/xconn/AppData/Roaming/TinyTeX/texmf-dist/tex/latex/l3kernel/expl3.sty
Package: expl3 2020-10-27 L3 programming layer (loader) 

(c:/Users/xconn/AppData/Roaming/TinyTeX/texmf-dist/tex/latex/l3backend/l3backen
d-xetex.def
File: l3backend-xetex.def 2020-09-24 L3 backend support: XeTeX
\g__graphics_track_int=\count188
\l__pdf_internal_box=\box50
\g__pdf_backend_object_int=\count189
\g__pdf_backend_annotation_int=\count190
))
Package: xparse 2020-10-27 L3 Experimental document command parser

(c:/Users/xconn/AppData/Roaming/TinyTeX/texmf-dist/tex/latex/l3packages/xparse/
xparse-generic.tex))
Package: fontspec 2020/02/21 v2.7i Font selection for XeLaTeX and LuaLaTeX

(c:/Users/xconn/AppData/Roaming/TinyTeX/texmf-dist/tex/latex/fontspec/fontspec-
xetex.sty
Package: fontspec-xetex 2020/02/21 v2.7i Font selection for XeLaTeX and LuaLaTe
X
\l__fontspec_script_int=\count191
\l__fontspec_language_int=\count192
\l__fontspec_strnum_int=\count193
\l__fontspec_tmp_int=\count194
\l__fontspec_tmpa_int=\count195
\l__fontspec_tmpb_int=\count196
\l__fontspec_tmpc_int=\count197
\l__fontspec_em_int=\count198
\l__fontspec_emdef_int=\count199
\l__fontspec_strong_int=\count266
\l__fontspec_strongdef_int=\count267
\l__fontspec_tmpa_dim=\dimen152
\l__fontspec_tmpb_dim=\dimen153
\l__fontspec_tmpc_dim=\dimen154
(c:/Users/xconn/AppData/Roaming/TinyTeX/texmf-dist/tex/latex/base/fontenc.sty
Package: fontenc 2020/08/10 v2.0s Standard LaTeX package
)
(c:/Users/xconn/AppData/Roaming/TinyTeX/texmf-dist/tex/latex/fontspec/fontspec.
cfg)))
(c:/Users/xconn/AppData/Roaming/TinyTeX/texmf-dist/tex/latex/unicode-math/unico
de-math.sty
Package: unicode-math 2020/01/31 v0.8q Unicode maths in XeLaTeX and LuaLaTeX

(c:/Users/xconn/AppData/Roaming/TinyTeX/texmf-dist/tex/latex/unicode-math/unico
de-math-xetex.sty
Package: unicode-math-xetex 2020/01/31 v0.8q Unicode maths in XeLaTeX and LuaLa
TeX

(c:/Users/xconn/AppData/Roaming/TinyTeX/texmf-dist/tex/latex/l3packages/l3keys2
e/l3keys2e.sty
Package: l3keys2e 2020-10-27 LaTeX2e option processing using LaTeX3 keys
) (c:/Users/xconn/AppData/Roaming/TinyTeX/texmf-dist/tex/latex/base/fix-cm.sty
Package: fix-cm 2015/01/14 v1.1t fixes to LaTeX
(c:/Users/xconn/AppData/Roaming/TinyTeX/texmf-dist/tex/latex/base/ts1enc.def
File: ts1enc.def 2001/06/05 v3.0e (jk/car/fm) Standard LaTeX file
LaTeX Font Info:    Redeclaring font encoding TS1 on input line 47.
))
(c:/Users/xconn/AppData/Roaming/TinyTeX/texmf-dist/tex/latex/amsmath/amsmath.st
y
Package: amsmath 2020/09/23 v2.17i AMS math features
\@mathmargin=\skip78
For additional information on amsmath, use the `?' option.

(c:/Users/xconn/AppData/Roaming/TinyTeX/texmf-dist/tex/latex/amsmath/amstext.st
y
Package: amstext 2000/06/29 v2.01 AMS text

(c:/Users/xconn/AppData/Roaming/TinyTeX/texmf-dist/tex/latex/amsmath/amsgen.sty
File: amsgen.sty 1999/11/30 v2.0 generic functions
\@emptytoks=\toks20
\ex@=\dimen155
))
(c:/Users/xconn/AppData/Roaming/TinyTeX/texmf-dist/tex/latex/amsmath/amsbsy.sty
Package: amsbsy 1999/11/29 v1.2d Bold Symbols
\pmbraise@=\dimen156
)
(c:/Users/xconn/AppData/Roaming/TinyTeX/texmf-dist/tex/latex/amsmath/amsopn.sty
Package: amsopn 2016/03/08 v2.02 operator names
)
\inf@bad=\count268
LaTeX Info: Redefining \frac on input line 234.
\uproot@=\count269
\leftroot@=\count270
LaTeX Info: Redefining \overline on input line 399.
\classnum@=\count271
\DOTSCASE@=\count272
LaTeX Info: Redefining \ldots on input line 496.
LaTeX Info: Redefining \dots on input line 499.
LaTeX Info: Redefining \cdots on input line 620.
\Mathstrutbox@=\box51
\strutbox@=\box52
\big@size=\dimen157
LaTeX Font Info:    Redeclaring font encoding OML on input line 743.
LaTeX Font Info:    Redeclaring font encoding OMS on input line 744.
\macc@depth=\count273
\c@MaxMatrixCols=\count274
\dotsspace@=\muskip16
\c@parentequation=\count275
\dspbrk@lvl=\count276
\tag@help=\toks21
\row@=\count277
\column@=\count278
\maxfields@=\count279
\andhelp@=\toks22
\eqnshift@=\dimen158
\alignsep@=\dimen159
\tagshift@=\dimen160
\tagwidth@=\dimen161
\totwidth@=\dimen162
\lineht@=\dimen163
\@envbody=\toks23
\multlinegap=\skip79
\multlinetaggap=\skip80
\mathdisplay@stack=\toks24
LaTeX Info: Redefining \[ on input line 2923.
LaTeX Info: Redefining \] on input line 2924.
)
\g__um_fam_int=\count280
\g__um_fonts_used_int=\count281
\l__um_primecount_int=\count282
\g__um_primekern_muskip=\muskip17

(c:/Users/xconn/AppData/Roaming/TinyTeX/texmf-dist/tex/latex/unicode-math/unico
de-math-table.tex)))
(c:/Users/xconn/AppData/Roaming/TinyTeX/texmf-dist/tex/latex/fontawesome/fontaw
esome.sty
Package: fontawesome 2016/05/15 v4.6.3.1 font awesome icons

(c:/Users/xconn/AppData/Roaming/TinyTeX/texmf-dist/tex/generic/iftex/ifluatex.s
ty
Package: ifluatex 2019/10/25 v1.5 ifluatex legacy package. Use iftex instead.
)
(c:/Users/xconn/AppData/Roaming/TinyTeX/texmf-dist/tex/latex/fontawesome/fontaw
esomesymbols-generic.tex)
(c:/Users/xconn/AppData/Roaming/TinyTeX/texmf-dist/tex/latex/fontawesome/fontaw
esomesymbols-xeluatex.tex))
(c:/Users/xconn/AppData/Roaming/TinyTeX/texmf-dist/tex/latex/sourcesanspro/sour
cesanspro.sty
Package: sourcesanspro 2016/12/03 v2.6 Adobe's Source Sans Pro typeface

(c:/Users/xconn/AppData/Roaming/TinyTeX/texmf-dist/tex/latex/xkeyval/xkeyval.st
y
Package: xkeyval 2014/12/03 v2.7a package option processing (HA)

(c:/Users/xconn/AppData/Roaming/TinyTeX/texmf-dist/tex/generic/xkeyval/xkeyval.
tex
(c:/Users/xconn/AppData/Roaming/TinyTeX/texmf-dist/tex/generic/xkeyval/xkvutils
.tex
\XKV@toks=\toks25
\XKV@tempa@toks=\toks26
)
\XKV@depth=\count283
File: xkeyval.tex 2014/12/03 v2.7a key=value parser (HA)
))
LaTeX Font Info:    Overwriting math alphabet `\mathsf' in version `normal'
(Font)                  OT1/cmss/m/n --> TU/SourceSansPro(1)/m/n on input line 
123.
LaTeX Font Info:    Overwriting math alphabet `\mathsf' in version `bold'
(Font)                  OT1/cmss/bx/n --> TU/SourceSansPro(1)/bx/n on input lin
e 123.
)
(c:/Users/xconn/AppData/Roaming/TinyTeX/texmf-dist/tex/latex/tcolorbox/tcolorbo
x.sty
Package: tcolorbox 2019/11/15 version 4.22 text color boxes

(c:/Users/xconn/AppData/Roaming/TinyTeX/texmf-dist/tex/latex/pgf/basiclayer/pgf
.sty
(c:/Users/xconn/AppData/Roaming/TinyTeX/texmf-dist/tex/latex/pgf/utilities/pgfr
cs.sty
(c:/Users/xconn/AppData/Roaming/TinyTeX/texmf-dist/tex/generic/pgf/utilities/pg
futil-common.tex
\pgfutil@everybye=\toks27
\pgfutil@tempdima=\dimen164
\pgfutil@tempdimb=\dimen165

(c:/Users/xconn/AppData/Roaming/TinyTeX/texmf-dist/tex/generic/pgf/utilities/pg
futil-common-lists.tex))
(c:/Users/xconn/AppData/Roaming/TinyTeX/texmf-dist/tex/generic/pgf/utilities/pg
futil-latex.def
\pgfutil@abb=\box53

(c:/Users/xconn/AppData/Roaming/TinyTeX/texmf-dist/tex/latex/base/everyshi-ltx.
sty
Package: everyshi-ltx 2020/08/17 v1.0a Emulation of the original everyshi packa
ge
with kernel methods
))
(c:/Users/xconn/AppData/Roaming/TinyTeX/texmf-dist/tex/generic/pgf/utilities/pg
frcs.code.tex
(c:/Users/xconn/AppData/Roaming/TinyTeX/texmf-dist/tex/generic/pgf/pgf.revision
.tex)
Package: pgfrcs 2019/08/03 v3.1.4b (3.1.4b)
))
Package: pgf 2019/08/03 v3.1.4b (3.1.4b)

(c:/Users/xconn/AppData/Roaming/TinyTeX/texmf-dist/tex/latex/pgf/basiclayer/pgf
core.sty
(c:/Users/xconn/AppData/Roaming/TinyTeX/texmf-dist/tex/latex/graphics/graphicx.
sty
Package: graphicx 2020/09/09 v1.2b Enhanced LaTeX Graphics (DPC,SPQR)

(c:/Users/xconn/AppData/Roaming/TinyTeX/texmf-dist/tex/latex/graphics/graphics.
sty
Package: graphics 2020/08/30 v1.4c Standard LaTeX Graphics (DPC,SPQR)
(c:/Users/xconn/AppData/Roaming/TinyTeX/texmf-dist/tex/latex/graphics/trig.sty
Package: trig 2016/01/03 v1.10 sin cos tan (DPC)
)
(c:/Users/xconn/AppData/Roaming/TinyTeX/texmf-dist/tex/latex/graphics-cfg/graph
ics.cfg
File: graphics.cfg 2016/06/04 v1.11 sample graphics configuration
)
Package graphics Info: Driver file: xetex.def on input line 105.
)
\Gin@req@height=\dimen166
\Gin@req@width=\dimen167
)
(c:/Users/xconn/AppData/Roaming/TinyTeX/texmf-dist/tex/latex/pgf/systemlayer/pg
fsys.sty
(c:/Users/xconn/AppData/Roaming/TinyTeX/texmf-dist/tex/generic/pgf/systemlayer/
pgfsys.code.tex
Package: pgfsys 2019/08/03 v3.1.4b (3.1.4b)

(c:/Users/xconn/AppData/Roaming/TinyTeX/texmf-dist/tex/generic/pgf/utilities/pg
fkeys.code.tex
\pgfkeys@pathtoks=\toks28
\pgfkeys@temptoks=\toks29

(c:/Users/xconn/AppData/Roaming/TinyTeX/texmf-dist/tex/generic/pgf/utilities/pg
fkeysfiltered.code.tex
\pgfkeys@tmptoks=\toks30
))
\pgf@x=\dimen168
\pgf@y=\dimen169
\pgf@xa=\dimen170
\pgf@ya=\dimen171
\pgf@xb=\dimen172
\pgf@yb=\dimen173
\pgf@xc=\dimen174
\pgf@yc=\dimen175
\pgf@xd=\dimen176
\pgf@yd=\dimen177
\w@pgf@writea=\write3
\r@pgf@reada=\read2
\c@pgf@counta=\count284
\c@pgf@countb=\count285
\c@pgf@countc=\count286
\c@pgf@countd=\count287
\t@pgf@toka=\toks31
\t@pgf@tokb=\toks32
\t@pgf@tokc=\toks33
\pgf@sys@id@count=\count288

(c:/Users/xconn/AppData/Roaming/TinyTeX/texmf-dist/tex/generic/pgf/systemlayer/
pgf.cfg
File: pgf.cfg 2019/08/03 v3.1.4b (3.1.4b)
)
Driver file for pgf: pgfsys-xetex.def

(c:/Users/xconn/AppData/Roaming/TinyTeX/texmf-dist/tex/generic/pgf/systemlayer/
pgfsys-xetex.def
File: pgfsys-xetex.def 2019/08/03 v3.1.4b (3.1.4b)

(c:/Users/xconn/AppData/Roaming/TinyTeX/texmf-dist/tex/generic/pgf/systemlayer/
pgfsys-dvipdfmx.def
File: pgfsys-dvipdfmx.def 2019/08/03 v3.1.4b (3.1.4b)

(c:/Users/xconn/AppData/Roaming/TinyTeX/texmf-dist/tex/generic/pgf/systemlayer/
pgfsys-common-pdf.def
File: pgfsys-common-pdf.def 2019/08/03 v3.1.4b (3.1.4b)
)
\pgfsys@objnum=\count289
)))
(c:/Users/xconn/AppData/Roaming/TinyTeX/texmf-dist/tex/generic/pgf/systemlayer/
pgfsyssoftpath.code.tex
File: pgfsyssoftpath.code.tex 2019/08/03 v3.1.4b (3.1.4b)
\pgfsyssoftpath@smallbuffer@items=\count290
\pgfsyssoftpath@bigbuffer@items=\count291
)
(c:/Users/xconn/AppData/Roaming/TinyTeX/texmf-dist/tex/generic/pgf/systemlayer/
pgfsysprotocol.code.tex
File: pgfsysprotocol.code.tex 2019/08/03 v3.1.4b (3.1.4b)
))
(c:/Users/xconn/AppData/Roaming/TinyTeX/texmf-dist/tex/generic/pgf/basiclayer/p
gfcore.code.tex
Package: pgfcore 2019/08/03 v3.1.4b (3.1.4b)

(c:/Users/xconn/AppData/Roaming/TinyTeX/texmf-dist/tex/generic/pgf/math/pgfmath
.code.tex
(c:/Users/xconn/AppData/Roaming/TinyTeX/texmf-dist/tex/generic/pgf/math/pgfmath
calc.code.tex
(c:/Users/xconn/AppData/Roaming/TinyTeX/texmf-dist/tex/generic/pgf/math/pgfmath
util.code.tex)
(c:/Users/xconn/AppData/Roaming/TinyTeX/texmf-dist/tex/generic/pgf/math/pgfmath
parser.code.tex
\pgfmath@dimen=\dimen178
\pgfmath@count=\count292
\pgfmath@box=\box54
\pgfmath@toks=\toks34
\pgfmath@stack@operand=\toks35
\pgfmath@stack@operation=\toks36
)
(c:/Users/xconn/AppData/Roaming/TinyTeX/texmf-dist/tex/generic/pgf/math/pgfmath
functions.code.tex
(c:/Users/xconn/AppData/Roaming/TinyTeX/texmf-dist/tex/generic/pgf/math/pgfmath
functions.basic.code.tex)
(c:/Users/xconn/AppData/Roaming/TinyTeX/texmf-dist/tex/generic/pgf/math/pgfmath
functions.trigonometric.code.tex)
(c:/Users/xconn/AppData/Roaming/TinyTeX/texmf-dist/tex/generic/pgf/math/pgfmath
functions.random.code.tex)
(c:/Users/xconn/AppData/Roaming/TinyTeX/texmf-dist/tex/generic/pgf/math/pgfmath
functions.comparison.code.tex)
(c:/Users/xconn/AppData/Roaming/TinyTeX/texmf-dist/tex/generic/pgf/math/pgfmath
functions.base.code.tex)
(c:/Users/xconn/AppData/Roaming/TinyTeX/texmf-dist/tex/generic/pgf/math/pgfmath
functions.round.code.tex)
(c:/Users/xconn/AppData/Roaming/TinyTeX/texmf-dist/tex/generic/pgf/math/pgfmath
functions.misc.code.tex)
(c:/Users/xconn/AppData/Roaming/TinyTeX/texmf-dist/tex/generic/pgf/math/pgfmath
functions.integerarithmetics.code.tex)))
(c:/Users/xconn/AppData/Roaming/TinyTeX/texmf-dist/tex/generic/pgf/math/pgfmath
float.code.tex
\c@pgfmathroundto@lastzeros=\count293
))
(c:/Users/xconn/AppData/Roaming/TinyTeX/texmf-dist/tex/generic/pgf/math/pgfint.
code.tex)
(c:/Users/xconn/AppData/Roaming/TinyTeX/texmf-dist/tex/generic/pgf/basiclayer/p
gfcorepoints.code.tex
File: pgfcorepoints.code.tex 2019/08/03 v3.1.4b (3.1.4b)
\pgf@picminx=\dimen179
\pgf@picmaxx=\dimen180
\pgf@picminy=\dimen181
\pgf@picmaxy=\dimen182
\pgf@pathminx=\dimen183
\pgf@pathmaxx=\dimen184
\pgf@pathminy=\dimen185
\pgf@pathmaxy=\dimen186
\pgf@xx=\dimen187
\pgf@xy=\dimen188
\pgf@yx=\dimen189
\pgf@yy=\dimen190
\pgf@zx=\dimen191
\pgf@zy=\dimen192
)
(c:/Users/xconn/AppData/Roaming/TinyTeX/texmf-dist/tex/generic/pgf/basiclayer/p
gfcorepathconstruct.code.tex
File: pgfcorepathconstruct.code.tex 2019/08/03 v3.1.4b (3.1.4b)
\pgf@path@lastx=\dimen193
\pgf@path@lasty=\dimen194
)
(c:/Users/xconn/AppData/Roaming/TinyTeX/texmf-dist/tex/generic/pgf/basiclayer/p
gfcorepathusage.code.tex
File: pgfcorepathusage.code.tex 2019/08/03 v3.1.4b (3.1.4b)
\pgf@shorten@end@additional=\dimen195
\pgf@shorten@start@additional=\dimen196
)
(c:/Users/xconn/AppData/Roaming/TinyTeX/texmf-dist/tex/generic/pgf/basiclayer/p
gfcorescopes.code.tex
File: pgfcorescopes.code.tex 2019/08/03 v3.1.4b (3.1.4b)
\pgfpic=\box55
\pgf@hbox=\box56
\pgf@layerbox@main=\box57
\pgf@picture@serial@count=\count294
)
(c:/Users/xconn/AppData/Roaming/TinyTeX/texmf-dist/tex/generic/pgf/basiclayer/p
gfcoregraphicstate.code.tex
File: pgfcoregraphicstate.code.tex 2019/08/03 v3.1.4b (3.1.4b)
\pgflinewidth=\dimen197
)
(c:/Users/xconn/AppData/Roaming/TinyTeX/texmf-dist/tex/generic/pgf/basiclayer/p
gfcoretransformations.code.tex
File: pgfcoretransformations.code.tex 2019/08/03 v3.1.4b (3.1.4b)
\pgf@pt@x=\dimen198
\pgf@pt@y=\dimen199
\pgf@pt@temp=\dimen256
)
(c:/Users/xconn/AppData/Roaming/TinyTeX/texmf-dist/tex/generic/pgf/basiclayer/p
gfcorequick.code.tex
File: pgfcorequick.code.tex 2019/08/03 v3.1.4b (3.1.4b)
)
(c:/Users/xconn/AppData/Roaming/TinyTeX/texmf-dist/tex/generic/pgf/basiclayer/p
gfcoreobjects.code.tex
File: pgfcoreobjects.code.tex 2019/08/03 v3.1.4b (3.1.4b)
)
(c:/Users/xconn/AppData/Roaming/TinyTeX/texmf-dist/tex/generic/pgf/basiclayer/p
gfcorepathprocessing.code.tex
File: pgfcorepathprocessing.code.tex 2019/08/03 v3.1.4b (3.1.4b)
)
(c:/Users/xconn/AppData/Roaming/TinyTeX/texmf-dist/tex/generic/pgf/basiclayer/p
gfcorearrows.code.tex
File: pgfcorearrows.code.tex 2019/08/03 v3.1.4b (3.1.4b)
\pgfarrowsep=\dimen257
)
(c:/Users/xconn/AppData/Roaming/TinyTeX/texmf-dist/tex/generic/pgf/basiclayer/p
gfcoreshade.code.tex
File: pgfcoreshade.code.tex 2019/08/03 v3.1.4b (3.1.4b)
\pgf@max=\dimen258
\pgf@sys@shading@range@num=\count295
\pgf@shadingcount=\count296
)
(c:/Users/xconn/AppData/Roaming/TinyTeX/texmf-dist/tex/generic/pgf/basiclayer/p
gfcoreimage.code.tex
File: pgfcoreimage.code.tex 2019/08/03 v3.1.4b (3.1.4b)

(c:/Users/xconn/AppData/Roaming/TinyTeX/texmf-dist/tex/generic/pgf/basiclayer/p
gfcoreexternal.code.tex
File: pgfcoreexternal.code.tex 2019/08/03 v3.1.4b (3.1.4b)
\pgfexternal@startupbox=\box58
))
(c:/Users/xconn/AppData/Roaming/TinyTeX/texmf-dist/tex/generic/pgf/basiclayer/p
gfcorelayers.code.tex
File: pgfcorelayers.code.tex 2019/08/03 v3.1.4b (3.1.4b)
)
(c:/Users/xconn/AppData/Roaming/TinyTeX/texmf-dist/tex/generic/pgf/basiclayer/p
gfcoretransparency.code.tex
File: pgfcoretransparency.code.tex 2019/08/03 v3.1.4b (3.1.4b)
)
(c:/Users/xconn/AppData/Roaming/TinyTeX/texmf-dist/tex/generic/pgf/basiclayer/p
gfcorepatterns.code.tex
File: pgfcorepatterns.code.tex 2019/08/03 v3.1.4b (3.1.4b)
)
(c:/Users/xconn/AppData/Roaming/TinyTeX/texmf-dist/tex/generic/pgf/basiclayer/p
gfcorerdf.code.tex
File: pgfcorerdf.code.tex 2019/08/03 v3.1.4b (3.1.4b)
)))
(c:/Users/xconn/AppData/Roaming/TinyTeX/texmf-dist/tex/generic/pgf/modules/pgfm
oduleshapes.code.tex
File: pgfmoduleshapes.code.tex 2019/08/03 v3.1.4b (3.1.4b)
\pgfnodeparttextbox=\box59
)
(c:/Users/xconn/AppData/Roaming/TinyTeX/texmf-dist/tex/generic/pgf/modules/pgfm
oduleplot.code.tex
File: pgfmoduleplot.code.tex 2019/08/03 v3.1.4b (3.1.4b)
)
(c:/Users/xconn/AppData/Roaming/TinyTeX/texmf-dist/tex/latex/pgf/compatibility/
pgfcomp-version-0-65.sty
Package: pgfcomp-version-0-65 2019/08/03 v3.1.4b (3.1.4b)
\pgf@nodesepstart=\dimen259
\pgf@nodesepend=\dimen260
)
(c:/Users/xconn/AppData/Roaming/TinyTeX/texmf-dist/tex/latex/pgf/compatibility/
pgfcomp-version-1-18.sty
Package: pgfcomp-version-1-18 2019/08/03 v3.1.4b (3.1.4b)
))
(c:/Users/xconn/AppData/Roaming/TinyTeX/texmf-dist/tex/latex/tools/verbatim.sty
Package: verbatim 2020-07-07 v1.5u LaTeX2e package for verbatim enhancements
\every@verbatim=\toks37
\verbatim@line=\toks38
\verbatim@in@stream=\read3
)
(c:/Users/xconn/AppData/Roaming/TinyTeX/texmf-dist/tex/latex/environ/environ.st
y
Package: environ 2014/05/04 v0.3 A new way to define environments

(c:/Users/xconn/AppData/Roaming/TinyTeX/texmf-dist/tex/latex/trimspaces/trimspa
ces.sty
Package: trimspaces 2009/09/17 v1.1 Trim spaces around a token list
))
\tcb@titlebox=\box60
\tcb@upperbox=\box61
\tcb@lowerbox=\box62
\tcb@phantombox=\box63
\c@tcbbreakpart=\count297
\c@tcblayer=\count298
\tcolorbox@number=\count299
\tcb@temp=\box64
\tcb@temp=\box65
\tcb@temp=\box66
\tcb@temp=\box67
\tcb@out=\write4
\tcb@record@out=\write5

(c:/Users/xconn/AppData/Roaming/TinyTeX/texmf-dist/tex/latex/tcolorbox/tcbskins
.code.tex
Library (tcolorbox): 'tcbskins.code.tex' version '4.22'

(c:/Users/xconn/AppData/Roaming/TinyTeX/texmf-dist/tex/latex/pgf/frontendlayer/
tikz.sty
(c:/Users/xconn/AppData/Roaming/TinyTeX/texmf-dist/tex/latex/pgf/utilities/pgff
or.sty
(c:/Users/xconn/AppData/Roaming/TinyTeX/texmf-dist/tex/latex/pgf/utilities/pgfk
eys.sty
(c:/Users/xconn/AppData/Roaming/TinyTeX/texmf-dist/tex/generic/pgf/utilities/pg
fkeys.code.tex))
(c:/Users/xconn/AppData/Roaming/TinyTeX/texmf-dist/tex/latex/pgf/math/pgfmath.s
ty
(c:/Users/xconn/AppData/Roaming/TinyTeX/texmf-dist/tex/generic/pgf/math/pgfmath
.code.tex))
(c:/Users/xconn/AppData/Roaming/TinyTeX/texmf-dist/tex/generic/pgf/utilities/pg
ffor.code.tex
Package: pgffor 2019/08/03 v3.1.4b (3.1.4b)

(c:/Users/xconn/AppData/Roaming/TinyTeX/texmf-dist/tex/generic/pgf/math/pgfmath
.code.tex)
\pgffor@iter=\dimen261
\pgffor@skip=\dimen262
\pgffor@stack=\toks39
\pgffor@toks=\toks40
))
(c:/Users/xconn/AppData/Roaming/TinyTeX/texmf-dist/tex/generic/pgf/frontendlaye
r/tikz/tikz.code.tex
Package: tikz 2019/08/03 v3.1.4b (3.1.4b)

(c:/Users/xconn/AppData/Roaming/TinyTeX/texmf-dist/tex/generic/pgf/libraries/pg
flibraryplothandlers.code.tex
File: pgflibraryplothandlers.code.tex 2019/08/03 v3.1.4b (3.1.4b)
\pgf@plot@mark@count=\count300
\pgfplotmarksize=\dimen263
)
\tikz@lastx=\dimen264
\tikz@lasty=\dimen265
\tikz@lastxsaved=\dimen266
\tikz@lastysaved=\dimen267
\tikz@lastmovetox=\dimen268
\tikz@lastmovetoy=\dimen269
\tikzleveldistance=\dimen270
\tikzsiblingdistance=\dimen271
\tikz@figbox=\box68
\tikz@figbox@bg=\box69
\tikz@tempbox=\box70
\tikz@tempbox@bg=\box71
\tikztreelevel=\count301
\tikznumberofchildren=\count302
\tikznumberofcurrentchild=\count303
\tikz@fig@count=\count304

(c:/Users/xconn/AppData/Roaming/TinyTeX/texmf-dist/tex/generic/pgf/modules/pgfm
odulematrix.code.tex
File: pgfmodulematrix.code.tex 2019/08/03 v3.1.4b (3.1.4b)
\pgfmatrixcurrentrow=\count305
\pgfmatrixcurrentcolumn=\count306
\pgf@matrix@numberofcolumns=\count307
)
\tikz@expandcount=\count308

(c:/Users/xconn/AppData/Roaming/TinyTeX/texmf-dist/tex/generic/pgf/frontendlaye
r/tikz/libraries/tikzlibrarytopaths.code.tex
File: tikzlibrarytopaths.code.tex 2019/08/03 v3.1.4b (3.1.4b)
)))
\tcb@waterbox=\box72

(c:/Users/xconn/AppData/Roaming/TinyTeX/texmf-dist/tex/latex/tcolorbox/tcbskins
jigsaw.code.tex
Library (tcolorbox): 'tcbskinsjigsaw.code.tex' version '4.22'
)))
(c:/Users/xconn/AppData/Roaming/TinyTeX/texmf-dist/tex/latex/parskip/parskip.st
y
Package: parskip 2019-01-16 v2.0c non-zero parskip adjustments

(c:/Users/xconn/AppData/Roaming/TinyTeX/texmf-dist/tex/latex/kvoptions/kvoption
s.sty
Package: kvoptions 2020-10-07 v3.14 Key value format for package options (HO)

(c:/Users/xconn/AppData/Roaming/TinyTeX/texmf-dist/tex/generic/ltxcmds/ltxcmds.
sty
Package: ltxcmds 2020-05-10 v1.25 LaTeX kernel commands for general use (HO)
)
(c:/Users/xconn/AppData/Roaming/TinyTeX/texmf-dist/tex/generic/kvsetkeys/kvsetk
eys.sty
Package: kvsetkeys 2019/12/15 v1.18 Key value parser (HO)
)))
(c:/Users/xconn/AppData/Roaming/TinyTeX/texmf-dist/tex/latex/hyperref/hyperref.
sty
Package: hyperref 2020-05-15 v7.00e Hypertext links for LaTeX

(c:/Users/xconn/AppData/Roaming/TinyTeX/texmf-dist/tex/latex/pdftexcmds/pdftexc
mds.sty
Package: pdftexcmds 2019/11/24 v0.31 Utility functions of pdfTeX for LuaTeX (HO
)

(c:/Users/xconn/AppData/Roaming/TinyTeX/texmf-dist/tex/generic/infwarerr/infwar
err.sty
Package: infwarerr 2019/12/03 v1.5 Providing info/warning/error messages (HO)
)
Package pdftexcmds Info: \pdf@primitive is available.
Package pdftexcmds Info: \pdf@ifprimitive is available.
Package pdftexcmds Info: \pdfdraftmode not found.
)
(c:/Users/xconn/AppData/Roaming/TinyTeX/texmf-dist/tex/generic/kvdefinekeys/kvd
efinekeys.sty
Package: kvdefinekeys 2019-12-19 v1.6 Define keys (HO)
)
(c:/Users/xconn/AppData/Roaming/TinyTeX/texmf-dist/tex/generic/oberdiek/pdfesca
pe.sty
Package: pdfescape 2016/05/16 v1.14 Implements pdfTeX's escape features (HO)
)
(c:/Users/xconn/AppData/Roaming/TinyTeX/texmf-dist/tex/latex/hycolor/hycolor.st
y
Package: hycolor 2020-01-27 v1.10 Color options for hyperref/bookmark (HO)
)
(c:/Users/xconn/AppData/Roaming/TinyTeX/texmf-dist/tex/latex/letltxmacro/letltx
macro.sty
Package: letltxmacro 2019/12/03 v1.6 Let assignment for LaTeX macros (HO)
)
(c:/Users/xconn/AppData/Roaming/TinyTeX/texmf-dist/tex/latex/auxhook/auxhook.st
y
Package: auxhook 2019-12-17 v1.6 Hooks for auxiliary files (HO)
)
\@linkdim=\dimen272
\Hy@linkcounter=\count309
\Hy@pagecounter=\count310

(c:/Users/xconn/AppData/Roaming/TinyTeX/texmf-dist/tex/latex/hyperref/pd1enc.de
f
File: pd1enc.def 2020-05-15 v7.00e Hyperref: PDFDocEncoding definition (HO)
)
(c:/Users/xconn/AppData/Roaming/TinyTeX/texmf-dist/tex/generic/intcalc/intcalc.
sty
Package: intcalc 2019/12/15 v1.3 Expandable calculations with integers (HO)
)
(c:/Users/xconn/AppData/Roaming/TinyTeX/texmf-dist/tex/generic/etexcmds/etexcmd
s.sty
Package: etexcmds 2019/12/15 v1.7 Avoid name clashes with e-TeX commands (HO)
)
\Hy@SavedSpaceFactor=\count311

(c:/Users/xconn/AppData/Roaming/TinyTeX/texmf-dist/tex/latex/latexconfig/hyperr
ef.cfg
File: hyperref.cfg 2002/06/06 v1.2 hyperref configuration of TeXLive
)
Package hyperref Info: Option `unicode' set `true' on input line 4338.

(c:/Users/xconn/AppData/Roaming/TinyTeX/texmf-dist/tex/latex/hyperref/puenc.def
File: puenc.def 2020-05-15 v7.00e Hyperref: PDF Unicode definition (HO)
)
Package hyperref Info: Hyper figures OFF on input line 4464.
Package hyperref Info: Link nesting OFF on input line 4469.
Package hyperref Info: Hyper index ON on input line 4472.
Package hyperref Info: Plain pages OFF on input line 4479.
Package hyperref Info: Backreferencing OFF on input line 4484.
Package hyperref Info: Implicit mode ON; LaTeX internals redefined.
Package hyperref Info: Bookmarks ON on input line 4717.
\c@Hy@tempcnt=\count312
(c:/Users/xconn/AppData/Roaming/TinyTeX/texmf-dist/tex/latex/url/url.sty
\Urlmuskip=\muskip18
Package: url 2013/09/16  ver 3.4  Verb mode for urls, etc.
)
LaTeX Info: Redefining \url on input line 5076.
\XeTeXLinkMargin=\dimen273

(c:/Users/xconn/AppData/Roaming/TinyTeX/texmf-dist/tex/generic/bitset/bitset.st
y
Package: bitset 2019/12/09 v1.3 Handle bit-vector datatype (HO)

(c:/Users/xconn/AppData/Roaming/TinyTeX/texmf-dist/tex/generic/bigintcalc/bigin
tcalc.sty
Package: bigintcalc 2019/12/15 v1.5 Expandable calculations on big integers (HO
)
))
\Fld@menulength=\count313
\Field@Width=\dimen274
\Fld@charsize=\dimen275
Package hyperref Info: Hyper figures OFF on input line 6347.
Package hyperref Info: Link nesting OFF on input line 6352.
Package hyperref Info: Hyper index ON on input line 6355.
Package hyperref Info: backreferencing OFF on input line 6362.
Package hyperref Info: Link coloring OFF on input line 6367.
Package hyperref Info: Link coloring with OCG OFF on input line 6372.
Package hyperref Info: PDF/A mode OFF on input line 6377.
LaTeX Info: Redefining \ref on input line 6417.
LaTeX Info: Redefining \pageref on input line 6421.

(c:/Users/xconn/AppData/Roaming/TinyTeX/texmf-dist/tex/latex/base/atbegshi-ltx.
sty
Package: atbegshi-ltx 2020/08/17 v1.0a Emulation of the original atbegshi packa
ge
with kernel methods
)
\Hy@abspage=\count314
\c@Item=\count315
\c@Hfootnote=\count316
)
Package hyperref Info: Driver (autodetected): hxetex.

(c:/Users/xconn/AppData/Roaming/TinyTeX/texmf-dist/tex/latex/hyperref/hxetex.de
f
File: hxetex.def 2020-05-15 v7.00e Hyperref driver for XeTeX

(c:/Users/xconn/AppData/Roaming/TinyTeX/texmf-dist/tex/generic/oberdiek/stringe
nc.sty
Package: stringenc 2016/05/16 v1.11 Convert strings between diff. encodings (HO
)
)
\pdfm@box=\box73
\c@Hy@AnnotLevel=\count317
\HyField@AnnotCount=\count318
\Fld@listcount=\count319
\c@bookmark@seq@number=\count320

(c:/Users/xconn/AppData/Roaming/TinyTeX/texmf-dist/tex/latex/oberdiek/rerunfile
check.sty
Package: rerunfilecheck 2016/05/16 v1.8 Rerun checks for auxiliary files (HO)

(c:/Users/xconn/AppData/Roaming/TinyTeX/texmf-dist/tex/latex/base/atveryend-ltx
.sty
Package: atveryend-ltx 2020/08/19 v1.0a Emulation of the original atvery packag
e
with kernel methods
)
(c:/Users/xconn/AppData/Roaming/TinyTeX/texmf-dist/tex/generic/oberdiek/uniquec
ounter.sty
Package: uniquecounter 2016/05/16 v1.3 Provide unlimited unique counter (HO)
)
Package uniquecounter Info: New unique counter `rerunfilecheck' on input line 2
85.
)
\Hy@SectionHShift=\skip81
))
(c:/Users/xconn/AppData/Roaming/TinyTeX/texmf-dist/tex/latex/booktabs/booktabs.
sty
Package: booktabs 2020/01/12 v1.61803398 Publication quality tables
\heavyrulewidth=\dimen276
\lightrulewidth=\dimen277
\cmidrulewidth=\dimen278
\belowrulesep=\dimen279
\belowbottomsep=\dimen280
\aboverulesep=\dimen281
\abovetopsep=\dimen282
\cmidrulesep=\dimen283
\cmidrulekern=\dimen284
\defaultaddspace=\dimen285
\@cmidla=\count321
\@cmidlb=\count322
\@aboverulesep=\dimen286
\@belowrulesep=\dimen287
\@thisruleclass=\count323
\@lastruleclass=\count324
\@thisrulewidth=\dimen288
)
\cslhangindent=\skip82
\csllabelwidth=\skip83
LaTeX Font Info:    Font shape `TU/SourceSansPro(0)/m/n' will be
(Font)              scaled to size 10.0pt on input line 105.

LaTeX Warning: Unused global option(s):
    [13pt].

(./resume.aux)
\openout1 = `resume.aux'.

LaTeX Font Info:    Checking defaults for OML/cmm/m/it on input line 105.
LaTeX Font Info:    ... okay on input line 105.
LaTeX Font Info:    Checking defaults for OMS/cmsy/m/n on input line 105.
LaTeX Font Info:    ... okay on input line 105.
LaTeX Font Info:    Checking defaults for OT1/cmr/m/n on input line 105.
LaTeX Font Info:    ... okay on input line 105.
LaTeX Font Info:    Checking defaults for T1/cmr/m/n on input line 105.
LaTeX Font Info:    ... okay on input line 105.
LaTeX Font Info:    Checking defaults for TS1/cmr/m/n on input line 105.
LaTeX Font Info:    ... okay on input line 105.
LaTeX Font Info:    Checking defaults for TU/lmr/m/n on input line 105.
LaTeX Font Info:    ... okay on input line 105.
LaTeX Font Info:    Checking defaults for OMX/cmex/m/n on input line 105.
LaTeX Font Info:    ... okay on input line 105.
LaTeX Font Info:    Checking defaults for U/cmr/m/n on input line 105.
LaTeX Font Info:    ... okay on input line 105.
LaTeX Font Info:    Checking defaults for PD1/pdf/m/n on input line 105.
LaTeX Font Info:    ... okay on input line 105.
LaTeX Font Info:    Checking defaults for PU/pdf/m/n on input line 105.
LaTeX Font Info:    ... okay on input line 105.
ABD: EverySelectfont initializing macros
LaTeX Info: Redefining \selectfont on input line 105.
*geometry* driver: auto-detecting
*geometry* detected driver: xetex
*geometry* verbose mode - [ preamble ] result:
* driver: xetex
* paper: letterpaper
* layout: <same size as paper>
* layoutoffset:(h,v)=(0.0pt,0.0pt)
* modes: 
* h-part:(L,W,R)=(39.83368pt, 534.62764pt, 39.83368pt)
* v-part:(T,H,B)=(22.76228pt, 720.99266pt, 51.21504pt)
* \paperwidth=614.295pt
* \paperheight=794.96999pt
* \textwidth=534.62764pt
* \textheight=720.99266pt
* \oddsidemargin=-32.43631pt
* \evensidemargin=-32.43631pt
* \topmargin=-86.5077pt
* \headheight=12.0pt
* \headsep=25.0pt
* \topskip=10.0pt
* \footskip=14.22636pt
* \marginparwidth=65.0pt
* \marginparsep=11.0pt
* \columnsep=10.0pt
* \skip\footins=9.0pt plus 4.0pt minus 2.0pt
* \hoffset=0.0pt
* \voffset=0.0pt
* \mag=1000
* \@twocolumnfalse
* \@twosidefalse
* \@mparswitchfalse
* \@reversemarginfalse
* (1in=72.27pt=25.4mm, 1cm=28.453pt)

LaTeX Font Info:    Overwriting math alphabet `\mathrm' in version `normal'
(Font)                  OT1/cmr/m/n --> TU/lmr/m/n on input line 105.
LaTeX Font Info:    Overwriting math alphabet `\mathit' in version `normal'
(Font)                  OT1/cmr/m/it --> TU/lmr/m/it on input line 105.
LaTeX Font Info:    Overwriting math alphabet `\mathbf' in version `normal'
(Font)                  OT1/cmr/bx/n --> TU/lmr/bx/n on input line 105.
LaTeX Font Info:    Overwriting math alphabet `\mathtt' in version `normal'
(Font)                  OT1/cmtt/m/n --> TU/lmtt/m/n on input line 105.
LaTeX Font Info:    Overwriting math alphabet `\mathtt' in version `bold'
(Font)                  OT1/cmtt/m/n --> TU/lmtt/bx/n on input line 105.
LaTeX Font Info:    Encoding `OT1' has changed to `TU' for symbol font
(Font)              `operators' in the math version `normal' on input line 105.

LaTeX Font Info:    Overwriting symbol font `operators' in version `normal'
(Font)                  OT1/cmr/m/n --> TU/latinmodern-math.otf(1)/m/n on input
 line 105.
LaTeX Font Info:    Encoding `OT1' has changed to `TU' for symbol font
(Font)              `operators' in the math version `bold' on input line 105.
LaTeX Font Info:    Overwriting symbol font `operators' in version `bold'
(Font)                  OT1/cmr/bx/n --> TU/latinmodern-math.otf(1)/b/n on inpu
t line 105.
LaTeX Font Info:    Encoding `OMS' has changed to `TU' for symbol font
(Font)              `symbols' in the math version `normal' on input line 105.
LaTeX Font Info:    Overwriting symbol font `symbols' in version `normal'
(Font)                  OMS/cmsy/m/n --> TU/latinmodern-math.otf(2)/m/n on inpu
t line 105.
LaTeX Font Info:    Encoding `OMS' has changed to `TU' for symbol font
(Font)              `symbols' in the math version `bold' on input line 105.
LaTeX Font Info:    Overwriting symbol font `symbols' in version `bold'
(Font)                  OMS/cmsy/b/n --> TU/latinmodern-math.otf(2)/b/n on inpu
t line 105.
LaTeX Font Info:    Encoding `OMX' has changed to `TU' for symbol font
(Font)              `largesymbols' in the math version `normal' on input line 1
05.
LaTeX Font Info:    Overwriting symbol font `largesymbols' in version `normal'
(Font)                  OMX/cmex/m/n --> TU/latinmodern-math.otf(3)/m/n on inpu
t line 105.
LaTeX Font Info:    Encoding `OMX' has changed to `TU' for symbol font
(Font)              `largesymbols' in the math version `bold' on input line 105
.
LaTeX Font Info:    Overwriting symbol font `largesymbols' in version `bold'
(Font)                  OMX/cmex/m/n --> TU/latinmodern-math.otf(3)/b/n on inpu
t line 105.
Package hyperref Info: Link coloring OFF on input line 105.

(c:/Users/xconn/AppData/Roaming/TinyTeX/texmf-dist/tex/latex/hyperref/nameref.s
ty
Package: nameref 2019/09/16 v2.46 Cross-referencing by name of section

(c:/Users/xconn/AppData/Roaming/TinyTeX/texmf-dist/tex/latex/oberdiek/refcount.
sty
Package: refcount 2016/05/16 v3.5 Data extraction from label references (HO)
)
(c:/Users/xconn/AppData/Roaming/TinyTeX/texmf-dist/tex/generic/gettitlestring/g
ettitlestring.sty
Package: gettitlestring 2019/12/15 v1.6 Cleanup title references (HO)
)
\c@section@level=\count325
)
LaTeX Info: Redefining \ref on input line 105.
LaTeX Info: Redefining \pageref on input line 105.
LaTeX Info: Redefining \nameref on input line 105.
(./resume.out) (./resume.out)
\@outlinefile=\write6
\openout6 = `resume.out'.

\headertextwidth=\skip84
\headerphotowidth=\skip85
LaTeX Font Info:    Font shape `TU/latinmodern-math.otf(2)/m/n' will be
(Font)              scaled to size 10.00107pt on input line 110.
LaTeX Font Info:    Font shape `TU/latinmodern-math.otf(2)/m/n' will be
(Font)              scaled to size 7.00075pt on input line 110.
LaTeX Font Info:    Font shape `TU/latinmodern-math.otf(2)/m/n' will be
(Font)              scaled to size 5.00053pt on input line 110.
LaTeX Font Info:    Font shape `TU/latinmodern-math.otf(3)/m/n' will be
(Font)              scaled to size 9.99893pt on input line 110.
LaTeX Font Info:    Font shape `TU/latinmodern-math.otf(3)/m/n' will be
(Font)              scaled to size 6.99925pt on input line 110.
LaTeX Font Info:    Font shape `TU/latinmodern-math.otf(3)/m/n' will be
(Font)              scaled to size 4.99947pt on input line 110.
LaTeX Font Info:    Font shape `TU/SourceSansPro(1)/m/n' will be
(Font)              scaled to size 7.6pt on input line 110.
LaTeX Font Info:    Font shape `TU/SourceSansPro(1)/m/sc' will be
(Font)              scaled to size 7.6pt on input line 110.
LaTeX Font Info:    Calculating math sizes for size <6.8> on input line 110.
LaTeX Font Info:    Font shape `TU/latinmodern-math.otf(2)/m/n' will be
(Font)              scaled to size 6.80072pt on input line 110.
LaTeX Font Info:    Font shape `TU/latinmodern-math.otf(2)/m/n' will be
(Font)              scaled to size 4.76048pt on input line 110.
LaTeX Font Info:    Font shape `TU/latinmodern-math.otf(2)/m/n' will be
(Font)              scaled to size 3.40034pt on input line 110.
LaTeX Font Info:    Font shape `TU/latinmodern-math.otf(3)/m/n' will be
(Font)              scaled to size 6.79927pt on input line 110.
LaTeX Font Info:    Font shape `TU/latinmodern-math.otf(3)/m/n' will be
(Font)              scaled to size 4.75946pt on input line 110.
LaTeX Font Info:    Font shape `TU/latinmodern-math.otf(3)/m/n' will be
(Font)              scaled to size 3.39963pt on input line 110.

Overfull \hbox (1.33334pt too wide) in paragraph at lines 110--110
[]$[]$ $[]$$[]$ 
 []

LaTeX Font Info:    Font shape `TU/SourceSansPro(1)/m/n' will be
(Font)              scaled to size 16.0pt on input line 128.
LaTeX Font Info:    Font shape `TU/SourceSansPro(1)/b/n' will be
(Font)              scaled to size 16.0pt on input line 128.
LaTeX Font Info:    Font shape `TU/SourceSansPro(1)/m/n' will be
(Font)              scaled to size 10.0pt on input line 139.
LaTeX Font Info:    Font shape `TU/SourceSansPro(1)/b/n' will be
(Font)              scaled to size 10.0pt on input line 139.
LaTeX Font Info:    Font shape `TU/SourceSansPro(1)/m/n' will be
(Font)              scaled to size 9.0pt on input line 139.
LaTeX Font Info:    Font shape `TU/SourceSansPro(1)/m/sl' in size <9> not avail
able
(Font)              Font shape `TU/SourceSansPro(1)/m/it' tried instead on inpu
t line 139.
LaTeX Font Info:    Font shape `TU/SourceSansPro(1)/m/it' will be
(Font)              scaled to size 9.0pt on input line 139.
LaTeX Font Info:    Font shape `TU/SourceSansPro(1)/m/n' will be
(Font)              scaled to size 9.5pt on input line 139.
LaTeX Font Info:    Font shape `TU/SourceSansPro(1)/m/sc' will be
(Font)              scaled to size 9.5pt on input line 139.
LaTeX Font Info:    Font shape `TU/SourceSansPro(1)/m/n' will be
(Font)              scaled to size 8.0pt on input line 139.
LaTeX Font Info:    Font shape `TU/SourceSansPro(1)/m/sl' in size <8> not avail
able
(Font)              Font shape `TU/SourceSansPro(1)/m/it' tried instead on inpu
t line 139.
LaTeX Font Info:    Font shape `TU/SourceSansPro(1)/m/it' will be
(Font)              scaled to size 8.0pt on input line 139.
LaTeX Font Info:    Font shape `TU/SourceSansPro(1)/m/sc' will be
(Font)              scaled to size 8.0pt on input line 177.
[1

] [2] (./resume.aux)
Package rerunfilecheck Info: File `resume.out' has not changed.
(rerunfilecheck)             Checksum: D41D8CD98F00B204E9800998ECF8427E;0.
 ) 
Here is how much of TeX's memory you used:
 31620 strings out of 479426
 628564 string characters out of 5879319
 1099524 words of memory out of 5000000
 50451 multiletter control sequences out of 15000+600000
 538316 words of font info for 109 fonts, out of 8000000 for 9000
 14 hyphenation exceptions out of 8191
 121i,11n,124p,544b,632s stack positions out of 5000i,500n,10000p,200000b,80000s

Output written on resume.pdf (2 pages).
